<?xml version="1.0" encoding="utf-8"?>
<!DOCTYPE coverage SYSTEM "http://cobertura.sourceforge.net/xml/coverage-04.dtd">
<coverage line-rate="0.942857142857143" branch-rate="1" lines-covered="198" lines-valid="210" branches-covered="36" branches-valid="36" complexity="54" version="0" timestamp="1694387125">
  <sources>
    <source>D:\Studying\STP\3_lab\</source>
    <source>C:\</source>
  </sources>
  <packages>
    <package name="STP_ThirdLab" line-rate="1" branch-rate="1" complexity="36">
      <classes>
        <class name="STP_ThirdLab.Program" filename="D:\Studying\STP\3_lab\STP_ThirdLab\Program.cs" line-rate="1" branch-rate="1" complexity="36">
          <methods>
            <method name="Main" signature="(...)" line-rate="1" branch-rate="1" complexity="12">
              <lines>
                <line number="8" hits="1" branch="false" />
                <line number="9" hits="1" branch="false" />
                <line number="10" hits="1" branch="false" />
                <line number="11" hits="8" branch="true" condition-coverage="100% (2/2)" />
                <line number="12" hits="3" branch="false" />
                <line number="13" hits="3" branch="false" />
                <line number="14" hits="3" branch="false" />
                <line number="15" hits="1" branch="false" />
                <line number="16" hits="1" branch="false" />
                <line number="17" hits="8" branch="true" condition-coverage="100% (2/2)" />
                <line number="18" hits="3" branch="false" />
                <line number="19" hits="3" branch="false" />
                <line number="20" hits="3" branch="false" />
                <line number="21" hits="1" branch="false" />
                <line number="22" hits="1" branch="false" />
                <line number="23" hits="8" branch="true" condition-coverage="100% (2/2)" />
                <line number="24" hits="3" branch="false" />
                <line number="25" hits="3" branch="false" />
                <line number="26" hits="3" branch="false" />
                <line number="27" hits="1" branch="false" />
                <line number="28" hits="1" branch="false" />
                <line number="29" hits="8" branch="true" condition-coverage="100% (2/2)" />
                <line number="30" hits="3" branch="false" />
                <line number="31" hits="3" branch="false" />
                <line number="32" hits="3" branch="false" />
                <line number="33" hits="1" branch="false" />
                <line number="35" hits="1" branch="false" />
                <line number="37" hits="1" branch="false" />
                <line number="39" hits="1" branch="false" />
                <line number="40" hits="12" branch="true" condition-coverage="100% (2/2)" />
                <line number="41" hits="5" branch="false" />
                <line number="42" hits="60" branch="true" condition-coverage="100% (2/2)" />
                <line number="43" hits="25" branch="false" />
                <line number="44" hits="25" branch="false" />
                <line number="45" hits="25" branch="false" />
                <line number="46" hits="25" branch="false" />
                <line number="47" hits="5" branch="false" />
                <line number="48" hits="5" branch="false" />
                <line number="50" hits="1" branch="false" />
                <line number="51" hits="1" branch="false" />
              </lines>
            </method>
            <method name="Order" signature="(...)" line-rate="1" branch-rate="1" complexity="6">
              <lines>
                <line number="54" hits="7" branch="false" />
                <line number="55" hits="7" branch="false" />
                <line number="56" hits="7" branch="true" condition-coverage="100% (2/2)" />
                <line number="57" hits="3" branch="false" />
                <line number="58" hits="3" branch="false" />
                <line number="59" hits="3" branch="false" />
                <line number="60" hits="7" branch="true" condition-coverage="100% (2/2)" />
                <line number="61" hits="5" branch="false" />
                <line number="62" hits="5" branch="false" />
                <line number="63" hits="5" branch="false" />
                <line number="64" hits="7" branch="true" condition-coverage="100% (2/2)" />
                <line number="65" hits="3" branch="false" />
                <line number="66" hits="3" branch="false" />
                <line number="67" hits="3" branch="false" />
                <line number="68" hits="21" branch="false" />
                <line number="70" hits="7" branch="false" />
                <line number="71" hits="7" branch="false" />
              </lines>
            </method>
            <method name="GCD" signature="(...)" line-rate="1" branch-rate="1" complexity="2">
              <lines>
                <line number="74" hits="65" branch="false" />
                <line number="75" hits="65" branch="false" />
                <line number="76" hits="65" branch="false" />
                <line number="77" hits="65" branch="true" condition-coverage="100% (2/2)" />
                <line number="78" hits="5" branch="false" />
                <line number="79" hits="5" branch="false" />
                <line number="82" hits="60" branch="false" />
                <line number="83" hits="60" branch="false" />
                <line number="84" hits="60" branch="false" />
                <line number="85" hits="60" branch="false" />
                <line number="87" hits="65" branch="false" />
              </lines>
            </method>
            <method name="ConvertFromEven" signature="(...)" line-rate="1" branch-rate="1" complexity="4">
              <lines>
                <line number="90" hits="5" branch="false" />
                <line number="91" hits="5" branch="false" />
                <line number="92" hits="5" branch="false" />
                <line number="93" hits="5" branch="false" />
                <line number="94" hits="5" branch="false" />
                <line number="96" hits="33" branch="true" condition-coverage="100% (2/2)" />
                <line number="97" hits="28" branch="false" />
                <line number="98" hits="28" branch="false" />
                <line number="99" hits="28" branch="true" condition-coverage="100% (2/2)" />
                <line number="100" hits="13" branch="false" />
                <line number="101" hits="13" branch="false" />
                <line number="102" hits="13" branch="false" />
                <line number="103" hits="13" branch="false" />
                <line number="104" hits="28" branch="false" />
                <line number="105" hits="28" branch="false" />
                <line number="106" hits="28" branch="false" />
                <line number="108" hits="5" branch="false" />
                <line number="109" hits="5" branch="false" />
              </lines>
            </method>
            <method name="MaxMatrixTopDiameterEl" signature="(...)" line-rate="1" branch-rate="1" complexity="12">
              <lines>
                <line number="113" hits="5" branch="false" />
                <line number="114" hits="5" branch="true" condition-coverage="100% (4/4)" />
                <line number="115" hits="2" branch="false" />
                <line number="116" hits="2" branch="false" />
                <line number="119" hits="3" branch="false" />
                <line number="120" hits="3" branch="false" />
                <line number="121" hits="3" branch="false" />
                <line number="123" hits="28" branch="true" condition-coverage="100% (2/2)" />
                <line number="124" hits="11" branch="false" />
                <line number="126" hits="108" branch="true" condition-coverage="100% (2/2)" />
                <line number="127" hits="43" branch="false" />
                <line number="128" hits="43" branch="true" condition-coverage="100% (4/4)" />
                <line number="129" hits="8" branch="false" />
                <line number="130" hits="8" branch="false" />
                <line number="131" hits="8" branch="false" />
                <line number="132" hits="8" branch="false" />
                <line number="133" hits="43" branch="false" />
                <line number="135" hits="11" branch="false" />
                <line number="137" hits="3" branch="false" />
                <line number="138" hits="3" branch="false" />
              </lines>
            </method>
          </methods>
          <lines>
            <line number="8" hits="1" branch="false" />
            <line number="9" hits="1" branch="false" />
            <line number="10" hits="1" branch="false" />
            <line number="11" hits="8" branch="true" condition-coverage="100% (2/2)" />
            <line number="12" hits="3" branch="false" />
            <line number="13" hits="3" branch="false" />
            <line number="14" hits="3" branch="false" />
            <line number="15" hits="1" branch="false" />
            <line number="16" hits="1" branch="false" />
            <line number="17" hits="8" branch="true" condition-coverage="100% (2/2)" />
            <line number="18" hits="3" branch="false" />
            <line number="19" hits="3" branch="false" />
            <line number="20" hits="3" branch="false" />
            <line number="21" hits="1" branch="false" />
            <line number="22" hits="1" branch="false" />
            <line number="23" hits="8" branch="true" condition-coverage="100% (2/2)" />
            <line number="24" hits="3" branch="false" />
            <line number="25" hits="3" branch="false" />
            <line number="26" hits="3" branch="false" />
            <line number="27" hits="1" branch="false" />
            <line number="28" hits="1" branch="false" />
            <line number="29" hits="8" branch="true" condition-coverage="100% (2/2)" />
            <line number="30" hits="3" branch="false" />
            <line number="31" hits="3" branch="false" />
            <line number="32" hits="3" branch="false" />
            <line number="33" hits="1" branch="false" />
            <line number="35" hits="1" branch="false" />
            <line number="37" hits="1" branch="false" />
            <line number="39" hits="1" branch="false" />
            <line number="40" hits="12" branch="true" condition-coverage="100% (2/2)" />
            <line number="41" hits="5" branch="false" />
            <line number="42" hits="60" branch="true" condition-coverage="100% (2/2)" />
            <line number="43" hits="25" branch="false" />
            <line number="44" hits="25" branch="false" />
            <line number="45" hits="25" branch="false" />
            <line number="46" hits="25" branch="false" />
            <line number="47" hits="5" branch="false" />
            <line number="48" hits="5" branch="false" />
            <line number="50" hits="1" branch="false" />
            <line number="51" hits="1" branch="false" />
            <line number="54" hits="7" branch="false" />
            <line number="55" hits="7" branch="false" />
            <line number="56" hits="7" branch="true" condition-coverage="100% (2/2)" />
            <line number="57" hits="3" branch="false" />
            <line number="58" hits="3" branch="false" />
            <line number="59" hits="3" branch="false" />
            <line number="60" hits="7" branch="true" condition-coverage="100% (2/2)" />
            <line number="61" hits="5" branch="false" />
            <line number="62" hits="5" branch="false" />
            <line number="63" hits="5" branch="false" />
            <line number="64" hits="7" branch="true" condition-coverage="100% (2/2)" />
            <line number="65" hits="3" branch="false" />
            <line number="66" hits="3" branch="false" />
            <line number="67" hits="3" branch="false" />
            <line number="68" hits="21" branch="false" />
            <line number="70" hits="7" branch="false" />
            <line number="71" hits="7" branch="false" />
            <line number="74" hits="65" branch="false" />
            <line number="75" hits="65" branch="false" />
            <line number="76" hits="65" branch="false" />
            <line number="77" hits="65" branch="true" condition-coverage="100% (2/2)" />
            <line number="78" hits="5" branch="false" />
            <line number="79" hits="5" branch="false" />
            <line number="82" hits="60" branch="false" />
            <line number="83" hits="60" branch="false" />
            <line number="84" hits="60" branch="false" />
            <line number="85" hits="60" branch="false" />
            <line number="87" hits="65" branch="false" />
            <line number="90" hits="5" branch="false" />
            <line number="91" hits="5" branch="false" />
            <line number="92" hits="5" branch="false" />
            <line number="93" hits="5" branch="false" />
            <line number="94" hits="5" branch="false" />
            <line number="96" hits="33" branch="true" condition-coverage="100% (2/2)" />
            <line number="97" hits="28" branch="false" />
            <line number="98" hits="28" branch="false" />
            <line number="99" hits="28" branch="true" condition-coverage="100% (2/2)" />
            <line number="100" hits="13" branch="false" />
            <line number="101" hits="13" branch="false" />
            <line number="102" hits="13" branch="false" />
            <line number="103" hits="13" branch="false" />
            <line number="104" hits="28" branch="false" />
            <line number="105" hits="28" branch="false" />
            <line number="106" hits="28" branch="false" />
            <line number="108" hits="5" branch="false" />
            <line number="109" hits="5" branch="false" />
            <line number="113" hits="5" branch="false" />
            <line number="114" hits="5" branch="true" condition-coverage="100% (4/4)" />
            <line number="115" hits="2" branch="false" />
            <line number="116" hits="2" branch="false" />
            <line number="119" hits="3" branch="false" />
            <line number="120" hits="3" branch="false" />
            <line number="121" hits="3" branch="false" />
            <line number="123" hits="28" branch="true" condition-coverage="100% (2/2)" />
            <line number="124" hits="11" branch="false" />
            <line number="126" hits="108" branch="true" condition-coverage="100% (2/2)" />
            <line number="127" hits="43" branch="false" />
            <line number="128" hits="43" branch="true" condition-coverage="100% (4/4)" />
            <line number="129" hits="8" branch="false" />
            <line number="130" hits="8" branch="false" />
            <line number="131" hits="8" branch="false" />
            <line number="132" hits="8" branch="false" />
            <line number="133" hits="43" branch="false" />
            <line number="135" hits="11" branch="false" />
            <line number="137" hits="3" branch="false" />
            <line number="138" hits="3" branch="false" />
          </lines>
        </class>
      </classes>
    </package>
    <package name="Unit_Tests" line-rate="0.884615384615385" branch-rate="1" complexity="18">
      <classes>
        <class name="AutoGeneratedProgram" filename="C:\Users\petro\.nuget\packages\microsoft.net.test.sdk\17.5.0\build\netcoreapp3.1\Microsoft.NET.Test.Sdk.Program.cs" line-rate="0" branch-rate="1" complexity="1">
          <methods>
            <method name="Main" signature="(...)" line-rate="0" branch-rate="1" complexity="1">
              <lines>
                <line number="4" hits="0" branch="false" />
              </lines>
            </method>
          </methods>
          <lines>
            <line number="4" hits="0" branch="false" />
          </lines>
        </class>
        <class name="Unit_Tests.ConvertFromEvenTests" filename="D:\Studying\STP\3_lab\Unit_Tests\UnitTest1.cs" line-rate="1" branch-rate="1" complexity="4">
          <methods>
            <method name="ConvertFromEven_PositiveNumber" signature="()" line-rate="1" branch-rate="1" complexity="1">
              <lines>
                <line number="108" hits="1" branch="false" />
                <line number="109" hits="1" branch="false" />
                <line number="111" hits="1" branch="false" />
                <line number="113" hits="1" branch="false" />
                <line number="114" hits="1" branch="false" />
              </lines>
            </method>
            <method name="ConvertFromEven_Zero" signature="()" line-rate="1" branch-rate="1" complexity="1">
              <lines>
                <line number="118" hits="1" branch="false" />
                <line number="119" hits="1" branch="false" />
                <line number="121" hits="1" branch="false" />
                <line number="123" hits="1" branch="false" />
                <line number="124" hits="1" branch="false" />
              </lines>
            </method>
            <method name="ConvertFromEven_NegativeNumber" signature="()" line-rate="1" branch-rate="1" complexity="1">
              <lines>
                <line number="128" hits="1" branch="false" />
                <line number="129" hits="1" branch="false" />
                <line number="131" hits="1" branch="false" />
                <line number="133" hits="1" branch="false" />
                <line number="134" hits="1" branch="false" />
              </lines>
            </method>
            <method name="ConvertFromEven_MixedNumber" signature="()" line-rate="1" branch-rate="1" complexity="1">
              <lines>
                <line number="138" hits="1" branch="false" />
                <line number="139" hits="1" branch="false" />
                <line number="141" hits="1" branch="false" />
                <line number="143" hits="1" branch="false" />
                <line number="144" hits="1" branch="false" />
              </lines>
            </method>
          </methods>
          <lines>
            <line number="108" hits="1" branch="false" />
            <line number="109" hits="1" branch="false" />
            <line number="111" hits="1" branch="false" />
            <line number="113" hits="1" branch="false" />
            <line number="114" hits="1" branch="false" />
            <line number="118" hits="1" branch="false" />
            <line number="119" hits="1" branch="false" />
            <line number="121" hits="1" branch="false" />
            <line number="123" hits="1" branch="false" />
            <line number="124" hits="1" branch="false" />
            <line number="128" hits="1" branch="false" />
            <line number="129" hits="1" branch="false" />
            <line number="131" hits="1" branch="false" />
            <line number="133" hits="1" branch="false" />
            <line number="134" hits="1" branch="false" />
            <line number="138" hits="1" branch="false" />
            <line number="139" hits="1" branch="false" />
            <line number="141" hits="1" branch="false" />
            <line number="143" hits="1" branch="false" />
            <line number="144" hits="1" branch="false" />
          </lines>
        </class>
        <class name="Unit_Tests.GCDTests" filename="D:\Studying\STP\3_lab\Unit_Tests\UnitTest1.cs" line-rate="1" branch-rate="1" complexity="4">
          <methods>
            <method name="GCD_PositiveNumbers" signature="()" line-rate="1" branch-rate="1" complexity="1">
              <lines>
                <line number="60" hits="1" branch="false" />
                <line number="61" hits="1" branch="false" />
                <line number="62" hits="1" branch="false" />
                <line number="64" hits="1" branch="false" />
                <line number="66" hits="1" branch="false" />
                <line number="67" hits="1" branch="false" />
              </lines>
            </method>
            <method name="GCD_NegativeNumbers" signature="()" line-rate="1" branch-rate="1" complexity="1">
              <lines>
                <line number="71" hits="1" branch="false" />
                <line number="72" hits="1" branch="false" />
                <line number="73" hits="1" branch="false" />
                <line number="75" hits="1" branch="false" />
                <line number="77" hits="1" branch="false" />
                <line number="78" hits="1" branch="false" />
              </lines>
            </method>
            <method name="GCD_OneZeroInput" signature="()" line-rate="1" branch-rate="1" complexity="1">
              <lines>
                <line number="82" hits="1" branch="false" />
                <line number="83" hits="1" branch="false" />
                <line number="84" hits="1" branch="false" />
                <line number="86" hits="1" branch="false" />
                <line number="88" hits="1" branch="false" />
                <line number="89" hits="1" branch="false" />
              </lines>
            </method>
            <method name="GCD_BothZeroInput" signature="()" line-rate="1" branch-rate="1" complexity="1">
              <lines>
                <line number="93" hits="1" branch="false" />
                <line number="94" hits="1" branch="false" />
                <line number="95" hits="1" branch="false" />
                <line number="97" hits="1" branch="false" />
                <line number="99" hits="1" branch="false" />
                <line number="100" hits="1" branch="false" />
              </lines>
            </method>
          </methods>
          <lines>
            <line number="60" hits="1" branch="false" />
            <line number="61" hits="1" branch="false" />
            <line number="62" hits="1" branch="false" />
            <line number="64" hits="1" branch="false" />
            <line number="66" hits="1" branch="false" />
            <line number="67" hits="1" branch="false" />
            <line number="71" hits="1" branch="false" />
            <line number="72" hits="1" branch="false" />
            <line number="73" hits="1" branch="false" />
            <line number="75" hits="1" branch="false" />
            <line number="77" hits="1" branch="false" />
            <line number="78" hits="1" branch="false" />
            <line number="82" hits="1" branch="false" />
            <line number="83" hits="1" branch="false" />
            <line number="84" hits="1" branch="false" />
            <line number="86" hits="1" branch="false" />
            <line number="88" hits="1" branch="false" />
            <line number="89" hits="1" branch="false" />
            <line number="93" hits="1" branch="false" />
            <line number="94" hits="1" branch="false" />
            <line number="95" hits="1" branch="false" />
            <line number="97" hits="1" branch="false" />
            <line number="99" hits="1" branch="false" />
            <line number="100" hits="1" branch="false" />
          </lines>
        </class>
        <class name="Unit_Tests.MainTest" filename="D:\Studying\STP\3_lab\Unit_Tests\UnitTest1.cs" line-rate="1" branch-rate="1" complexity="1">
          <methods>
            <method name="Main_Test" signature="()" line-rate="1" branch-rate="1" complexity="1">
              <lines>
                <line number="10" hits="1" branch="false" />
                <line number="11" hits="1" branch="false" />
                <line number="12" hits="1" branch="false" />
              </lines>
            </method>
          </methods>
          <lines>
            <line number="10" hits="1" branch="false" />
            <line number="11" hits="1" branch="false" />
            <line number="12" hits="1" branch="false" />
          </lines>
        </class>
        <class name="Unit_Tests.MaxMatrixTopDiameterElTests" filename="D:\Studying\STP\3_lab\Unit_Tests\UnitTest1.cs" line-rate="0.685714285714286" branch-rate="1" complexity="5">
          <methods>
            <method name="MaxMatrixTopDiameterEl_EmptyArray" signature="()" line-rate="0.75" branch-rate="1" complexity="1">
              <lines>
                <line number="153" hits="1" branch="false" />
                <line number="154" hits="1" branch="false" />
                <line number="155" hits="1" branch="false" />
                <line number="156" hits="0" branch="false" />
              </lines>
            </method>
            <method name="MaxMatrixTopDiameterEl_NullMatrix" signature="()" line-rate="0.75" branch-rate="1" complexity="1">
              <lines>
                <line number="161" hits="1" branch="false" />
                <line number="162" hits="2" branch="false" />
                <line number="163" hits="1" branch="false" />
                <line number="164" hits="0" branch="false" />
              </lines>
            </method>
            <method name="MaxMatrixTopDiameterEl_ValidMatrix" signature="()" line-rate="1" branch-rate="1" complexity="1">
              <lines>
                <line number="168" hits="1" branch="false" />
                <line number="169" hits="1" branch="false" />
                <line number="170" hits="1" branch="false" />
                <line number="171" hits="1" branch="false" />
                <line number="172" hits="1" branch="false" />
                <line number="173" hits="1" branch="false" />
                <line number="175" hits="1" branch="false" />
                <line number="176" hits="1" branch="false" />
                <line number="177" hits="1" branch="false" />
              </lines>
            </method>
            <method name="MaxMatrixTopDiameterEl_NegativeValidMatrix" signature="()" line-rate="1" branch-rate="1" complexity="1">
              <lines>
                <line number="180" hits="1" branch="false" />
                <line number="181" hits="1" branch="false" />
                <line number="182" hits="1" branch="false" />
                <line number="183" hits="1" branch="false" />
                <line number="184" hits="1" branch="false" />
                <line number="185" hits="1" branch="false" />
                <line number="187" hits="1" branch="false" />
                <line number="188" hits="1" branch="false" />
                <line number="189" hits="1" branch="false" />
              </lines>
            </method>
            <method name="MaxMatrixTopDiameterEl_OnesMatrix" signature="()" line-rate="0" branch-rate="1" complexity="1">
              <lines>
                <line number="192" hits="0" branch="false" />
                <line number="193" hits="0" branch="false" />
                <line number="194" hits="0" branch="false" />
                <line number="195" hits="0" branch="false" />
                <line number="196" hits="0" branch="false" />
                <line number="197" hits="0" branch="false" />
                <line number="199" hits="0" branch="false" />
                <line number="200" hits="0" branch="false" />
                <line number="201" hits="0" branch="false" />
              </lines>
            </method>
          </methods>
          <lines>
            <line number="153" hits="1" branch="false" />
            <line number="154" hits="1" branch="false" />
            <line number="155" hits="1" branch="false" />
            <line number="156" hits="0" branch="false" />
            <line number="161" hits="1" branch="false" />
            <line number="162" hits="2" branch="false" />
            <line number="163" hits="1" branch="false" />
            <line number="164" hits="0" branch="false" />
            <line number="168" hits="1" branch="false" />
            <line number="169" hits="1" branch="false" />
            <line number="170" hits="1" branch="false" />
            <line number="171" hits="1" branch="false" />
            <line number="172" hits="1" branch="false" />
            <line number="173" hits="1" branch="false" />
            <line number="175" hits="1" branch="false" />
            <line number="176" hits="1" branch="false" />
            <line number="177" hits="1" branch="false" />
            <line number="180" hits="1" branch="false" />
            <line number="181" hits="1" branch="false" />
            <line number="182" hits="1" branch="false" />
            <line number="183" hits="1" branch="false" />
            <line number="184" hits="1" branch="false" />
            <line number="185" hits="1" branch="false" />
            <line number="187" hits="1" branch="false" />
            <line number="188" hits="1" branch="false" />
            <line number="189" hits="1" branch="false" />
            <line number="192" hits="0" branch="false" />
            <line number="193" hits="0" branch="false" />
            <line number="194" hits="0" branch="false" />
            <line number="195" hits="0" branch="false" />
            <line number="196" hits="0" branch="false" />
            <line number="197" hits="0" branch="false" />
            <line number="199" hits="0" branch="false" />
            <line number="200" hits="0" branch="false" />
            <line number="201" hits="0" branch="false" />
          </lines>
        </class>
        <class name="Unit_Tests.OrderTests" filename="D:\Studying\STP\3_lab\Unit_Tests\UnitTest1.cs" line-rate="1" branch-rate="1" complexity="3">
          <methods>
            <method name="Order_SortedInput" signature="()" line-rate="1" branch-rate="1" complexity="1">
              <lines>
                <line number="20" hits="1" branch="false" />
                <line number="21" hits="1" branch="false" />
                <line number="22" hits="1" branch="false" />
                <line number="23" hits="1" branch="false" />
                <line number="25" hits="1" branch="false" />
                <line number="27" hits="1" branch="false" />
                <line number="28" hits="1" branch="false" />
              </lines>
            </method>
            <method name="Order_UnsortedInput" signature="()" line-rate="1" branch-rate="1" complexity="1">
              <lines>
                <line number="32" hits="1" branch="false" />
                <line number="33" hits="1" branch="false" />
                <line number="34" hits="1" branch="false" />
                <line number="35" hits="1" branch="false" />
                <line number="37" hits="1" branch="false" />
                <line number="39" hits="1" branch="false" />
                <line number="40" hits="1" branch="false" />
              </lines>
            </method>
            <method name="Order_SameInput" signature="()" line-rate="1" branch-rate="1" complexity="1">
              <lines>
                <line number="44" hits="1" branch="false" />
                <line number="45" hits="1" branch="false" />
                <line number="46" hits="1" branch="false" />
                <line number="47" hits="1" branch="false" />
                <line number="49" hits="1" branch="false" />
                <line number="51" hits="1" branch="false" />
                <line number="52" hits="1" branch="false" />
              </lines>
            </method>
          </methods>
          <lines>
            <line number="20" hits="1" branch="false" />
            <line number="21" hits="1" branch="false" />
            <line number="22" hits="1" branch="false" />
            <line number="23" hits="1" branch="false" />
            <line number="25" hits="1" branch="false" />
            <line number="27" hits="1" branch="false" />
            <line number="28" hits="1" branch="false" />
            <line number="32" hits="1" branch="false" />
            <line number="33" hits="1" branch="false" />
            <line number="34" hits="1" branch="false" />
            <line number="35" hits="1" branch="false" />
            <line number="37" hits="1" branch="false" />
            <line number="39" hits="1" branch="false" />
            <line number="40" hits="1" branch="false" />
            <line number="44" hits="1" branch="false" />
            <line number="45" hits="1" branch="false" />
            <line number="46" hits="1" branch="false" />
            <line number="47" hits="1" branch="false" />
            <line number="49" hits="1" branch="false" />
            <line number="51" hits="1" branch="false" />
            <line number="52" hits="1" branch="false" />
          </lines>
        </class>
      </classes>
    </package>
  </packages>
</coverage>